{"C:\\Users\\user\\Documents\\MongoAtlas\\src\\middleware\\require_role.js": {"path":"C:\\Users\\user\\Documents\\MongoAtlas\\src\\middleware\\require_role.js","statementMap":{"0":{"start":{"line":1,"column":0},"end":{"line":6,"column":2}},"1":{"start":{"line":1,"column":41},"end":{"line":6,"column":1}},"2":{"start":{"line":2,"column":2},"end":{"line":4,"column":3}},"3":{"start":{"line":3,"column":4},"end":{"line":3,"column":75}},"4":{"start":{"line":5,"column":2},"end":{"line":5,"column":9}}},"fnMap":{"0":{"name":"(anonymous_0)","decl":{"start":{"line":1,"column":17},"end":{"line":1,"column":18}},"loc":{"start":{"line":1,"column":41},"end":{"line":6,"column":1}},"line":1},"1":{"name":"(anonymous_1)","decl":{"start":{"line":1,"column":41},"end":{"line":1,"column":42}},"loc":{"start":{"line":1,"column":61},"end":{"line":6,"column":1}},"line":1}},"branchMap":{"0":{"loc":{"start":{"line":2,"column":2},"end":{"line":4,"column":3}},"type":"if","locations":[{"start":{"line":2,"column":2},"end":{"line":4,"column":3}},{"start":{},"end":{}}],"line":2}},"s":{"0":1,"1":2,"2":2,"3":1,"4":1},"f":{"0":2,"1":2},"b":{"0":[1,1]},"_coverageSchema":"1a1c01bbd47fc00a2c39e90264f33305004495a9","hash":"94c837e02caca27c124286e7a5e40ccff811b512"}
,"C:\\Users\\user\\Documents\\MongoAtlas\\src\\models\\Teacher.js": {"path":"C:\\Users\\user\\Documents\\MongoAtlas\\src\\models\\Teacher.js","statementMap":{"0":{"start":{"line":1,"column":17},"end":{"line":1,"column":36}},"1":{"start":{"line":3,"column":22},"end":{"line":19,"column":2}},"2":{"start":{"line":21,"column":0},"end":{"line":21,"column":69}}},"fnMap":{},"branchMap":{},"s":{"0":1,"1":1,"2":1},"f":{},"b":{},"_coverageSchema":"1a1c01bbd47fc00a2c39e90264f33305004495a9","hash":"1223603e4445d9f4b2bd239a31bbe0b577d63baf"}
,"C:\\Users\\user\\Documents\\MongoAtlas\\src\\services\\teacher_service.js": {"path":"C:\\Users\\user\\Documents\\MongoAtlas\\src\\services\\teacher_service.js","statementMap":{"0":{"start":{"line":1,"column":16},"end":{"line":1,"column":44}},"1":{"start":{"line":3,"column":24},"end":{"line":3,"column":44}},"2":{"start":{"line":3,"column":30},"end":{"line":3,"column":44}},"3":{"start":{"line":4,"column":31},"end":{"line":4,"column":68}},"4":{"start":{"line":4,"column":42},"end":{"line":4,"column":68}},"5":{"start":{"line":5,"column":21},"end":{"line":5,"column":65}},"6":{"start":{"line":5,"column":38},"end":{"line":5,"column":65}},"7":{"start":{"line":7,"column":26},"end":{"line":7,"column":89}},"8":{"start":{"line":7,"column":47},"end":{"line":7,"column":89}},"9":{"start":{"line":9,"column":22},"end":{"line":9,"column":59}},"10":{"start":{"line":9,"column":30},"end":{"line":9,"column":59}},"11":{"start":{"line":11,"column":0},"end":{"line":11,"column":109}},"12":{"start":{"line":13,"column":0},"end":{"line":13,"column":94}}},"fnMap":{"0":{"name":"(anonymous_0)","decl":{"start":{"line":3,"column":24},"end":{"line":3,"column":25}},"loc":{"start":{"line":3,"column":30},"end":{"line":3,"column":44}},"line":3},"1":{"name":"(anonymous_1)","decl":{"start":{"line":4,"column":31},"end":{"line":4,"column":32}},"loc":{"start":{"line":4,"column":42},"end":{"line":4,"column":68}},"line":4},"2":{"name":"(anonymous_2)","decl":{"start":{"line":5,"column":21},"end":{"line":5,"column":22}},"loc":{"start":{"line":5,"column":38},"end":{"line":5,"column":65}},"line":5},"3":{"name":"(anonymous_3)","decl":{"start":{"line":7,"column":26},"end":{"line":7,"column":27}},"loc":{"start":{"line":7,"column":47},"end":{"line":7,"column":89}},"line":7},"4":{"name":"(anonymous_4)","decl":{"start":{"line":9,"column":22},"end":{"line":9,"column":23}},"loc":{"start":{"line":9,"column":30},"end":{"line":9,"column":59}},"line":9}},"branchMap":{},"s":{"0":1,"1":1,"2":1,"3":1,"4":0,"5":1,"6":0,"7":1,"8":0,"9":1,"10":0,"11":1,"12":1},"f":{"0":1,"1":0,"2":0,"3":0,"4":0},"b":{},"_coverageSchema":"1a1c01bbd47fc00a2c39e90264f33305004495a9","hash":"eea62aab817de49d6213ec040818f673b8883aaa"}
}
